{"/home/sergiu/Projects/mtv-react/src/App.tsx": {"path":"/home/sergiu/Projects/mtv-react/src/App.tsx","statementMap":{"0":{"start":{"line":8,"column":22},"end":{"line":15,"column":3}},"1":{"start":{"line":9,"column":2},"end":{"line":14,"column":13}}},"fnMap":{"0":{"name":"(anonymous_0)","decl":{"start":{"line":8,"column":22},"end":{"line":8,"column":23}},"loc":{"start":{"line":9,"column":2},"end":{"line":14,"column":13}},"line":9}},"branchMap":{},"s":{"0":1,"1":1},"f":{"0":1},"b":{},"_coverageSchema":"43e27e138ebf9cfc5966b082cf9a028302ed4184","hash":"32d6c2bd1b22055c2bca3f772146d11952244dd2"}
,"/home/sergiu/Projects/mtv-react/src/index.tsx": {"path":"/home/sergiu/Projects/mtv-react/src/index.tsx","statementMap":{"0":{"start":{"line":6,"column":0},"end":{"line":6,"column":58}}},"fnMap":{},"branchMap":{},"s":{"0":0},"f":{},"b":{},"hash":"f99e17ead9e899e18ff639b0612d52ee54a867a0"}
,"/home/sergiu/Projects/mtv-react/src/react-app-env.d.ts": {"path":"/home/sergiu/Projects/mtv-react/src/react-app-env.d.ts","statementMap":{},"fnMap":{},"branchMap":{},"s":{},"f":{},"b":{},"hash":"1f43f60ef529a2da574ebcf5087bb808cd10b61e"}
,"/home/sergiu/Projects/mtv-react/src/components/Common/Loader.jsx": {"path":"/home/sergiu/Projects/mtv-react/src/components/Common/Loader.jsx","statementMap":{"0":{"start":{"line":4,"column":15},"end":{"line":16,"column":1}},"1":{"start":{"line":5,"column":24},"end":{"line":5,"column":29}},"2":{"start":{"line":7,"column":25},"end":{"line":13,"column":5}},"3":{"start":{"line":8,"column":4},"end":{"line":12,"column":10}},"4":{"start":{"line":15,"column":2},"end":{"line":15,"column":55}}},"fnMap":{"0":{"name":"(anonymous_0)","decl":{"start":{"line":4,"column":15},"end":{"line":4,"column":16}},"loc":{"start":{"line":4,"column":26},"end":{"line":16,"column":1}},"line":4},"1":{"name":"(anonymous_1)","decl":{"start":{"line":7,"column":25},"end":{"line":7,"column":26}},"loc":{"start":{"line":8,"column":4},"end":{"line":12,"column":10}},"line":8}},"branchMap":{"0":{"loc":{"start":{"line":15,"column":9},"end":{"line":15,"column":54}},"type":"cond-expr","locations":[{"start":{"line":15,"column":21},"end":{"line":15,"column":37}},{"start":{"line":15,"column":40},"end":{"line":15,"column":54}}],"line":15}},"s":{"0":2,"1":6,"2":6,"3":3,"4":6},"f":{"0":6,"1":3},"b":{"0":[3,3]},"_coverageSchema":"43e27e138ebf9cfc5966b082cf9a028302ed4184","hash":"c9b7c9c30b3d35be96de976a43140578bd8f087b"}
,"/home/sergiu/Projects/mtv-react/src/components/Header/Header.tsx": {"path":"/home/sergiu/Projects/mtv-react/src/components/Header/Header.tsx","statementMap":{"0":{"start":{"line":4,"column":25},"end":{"line":8,"column":12}},"1":{"start":{"line":5,"column":2},"end":{"line":8,"column":11}}},"fnMap":{"0":{"name":"(anonymous_0)","decl":{"start":{"line":4,"column":25},"end":{"line":4,"column":26}},"loc":{"start":{"line":5,"column":2},"end":{"line":8,"column":11}},"line":5}},"branchMap":{},"s":{"0":2,"1":2},"f":{"0":2},"b":{},"_coverageSchema":"43e27e138ebf9cfc5966b082cf9a028302ed4184","hash":"451f93a391c9306427fed7861f8a8aca4efcf340"}
,"/home/sergiu/Projects/mtv-react/src/components/Landing/Experiments.jsx": {"path":"/home/sergiu/Projects/mtv-react/src/components/Landing/Experiments.jsx","statementMap":{"0":{"start":{"line":14,"column":25},"end":{"line":26,"column":1}},"1":{"start":{"line":15,"column":22},"end":{"line":15,"column":94}},"2":{"start":{"line":16,"column":2},"end":{"line":25,"column":12}},"3":{"start":{"line":17,"column":70},"end":{"line":17,"column":103}},"4":{"start":{"line":28,"column":20},"end":{"line":47,"column":9}},"5":{"start":{"line":35,"column":2},"end":{"line":47,"column":8}},"6":{"start":{"line":42,"column":12},"end":{"line":42,"column":105}},"7":{"start":{"line":49,"column":0},"end":{"line":55,"column":2}},"8":{"start":{"line":57,"column":33},"end":{"line":62,"column":1}},"9":{"start":{"line":62,"column":17},"end":{"line":64,"column":1}},"10":{"start":{"line":63,"column":38},"end":{"line":63,"column":76}}},"fnMap":{"0":{"name":"(anonymous_0)","decl":{"start":{"line":14,"column":25},"end":{"line":14,"column":26}},"loc":{"start":{"line":14,"column":106},"end":{"line":26,"column":1}},"line":14},"1":{"name":"(anonymous_1)","decl":{"start":{"line":17,"column":64},"end":{"line":17,"column":65}},"loc":{"start":{"line":17,"column":70},"end":{"line":17,"column":103}},"line":17},"2":{"name":"(anonymous_2)","decl":{"start":{"line":28,"column":20},"end":{"line":28,"column":21}},"loc":{"start":{"line":35,"column":2},"end":{"line":47,"column":8}},"line":35},"3":{"name":"(anonymous_3)","decl":{"start":{"line":41,"column":36},"end":{"line":41,"column":37}},"loc":{"start":{"line":42,"column":12},"end":{"line":42,"column":105}},"line":42},"4":{"name":"(anonymous_4)","decl":{"start":{"line":57,"column":23},"end":{"line":57,"column":24}},"loc":{"start":{"line":57,"column":33},"end":{"line":62,"column":1}},"line":57},"5":{"name":"(anonymous_5)","decl":{"start":{"line":62,"column":4},"end":{"line":62,"column":5}},"loc":{"start":{"line":62,"column":17},"end":{"line":64,"column":1}},"line":62},"6":{"name":"(anonymous_6)","decl":{"start":{"line":63,"column":22},"end":{"line":63,"column":23}},"loc":{"start":{"line":63,"column":38},"end":{"line":63,"column":76}},"line":63}},"branchMap":{"0":{"loc":{"start":{"line":15,"column":22},"end":{"line":15,"column":94}},"type":"cond-expr","locations":[{"start":{"line":15,"column":81},"end":{"line":15,"column":89}},{"start":{"line":15,"column":92},"end":{"line":15,"column":94}}],"line":15},"1":{"loc":{"start":{"line":15,"column":22},"end":{"line":15,"column":78}},"type":"binary-expr","locations":[{"start":{"line":15,"column":22},"end":{"line":15,"column":38}},{"start":{"line":15,"column":42},"end":{"line":15,"column":78}}],"line":15},"2":{"loc":{"start":{"line":40,"column":10},"end":{"line":43,"column":41}},"type":"cond-expr","locations":[{"start":{"line":41,"column":12},"end":{"line":42,"column":106}},{"start":{"line":43,"column":12},"end":{"line":43,"column":41}}],"line":40}},"s":{"0":2,"1":30,"2":30,"3":1,"4":2,"5":4,"6":30,"7":2,"8":5,"9":3,"10":1},"f":{"0":30,"1":1,"2":4,"3":30,"4":5,"5":3,"6":1},"b":{"0":[1,29],"1":[30,30],"2":[3,1]},"_coverageSchema":"43e27e138ebf9cfc5966b082cf9a028302ed4184","hash":"d1a657e83d296599a0d63e28d916d16d79b073b5"}
,"/home/sergiu/Projects/mtv-react/src/components/Landing/Landing.jsx": {"path":"/home/sergiu/Projects/mtv-react/src/components/Landing/Landing.jsx","statementMap":{"0":{"start":{"line":14,"column":4},"end":{"line":14,"column":35}},"1":{"start":{"line":18,"column":4},"end":{"line":24,"column":6}},"2":{"start":{"line":28,"column":0},"end":{"line":30,"column":2}},"3":{"start":{"line":32,"column":42},"end":{"line":34,"column":1}},"4":{"start":{"line":33,"column":27},"end":{"line":33,"column":52}}},"fnMap":{"0":{"name":"(anonymous_0)","decl":{"start":{"line":13,"column":2},"end":{"line":13,"column":3}},"loc":{"start":{"line":13,"column":22},"end":{"line":15,"column":3}},"line":13},"1":{"name":"(anonymous_1)","decl":{"start":{"line":17,"column":2},"end":{"line":17,"column":3}},"loc":{"start":{"line":17,"column":11},"end":{"line":25,"column":3}},"line":17},"2":{"name":"(anonymous_2)","decl":{"start":{"line":32,"column":29},"end":{"line":32,"column":30}},"loc":{"start":{"line":32,"column":42},"end":{"line":34,"column":1}},"line":32},"3":{"name":"(anonymous_3)","decl":{"start":{"line":33,"column":21},"end":{"line":33,"column":22}},"loc":{"start":{"line":33,"column":27},"end":{"line":33,"column":52}},"line":33}},"branchMap":{},"s":{"0":1,"1":1,"2":1,"3":1,"4":1},"f":{"0":1,"1":1,"2":1,"3":1},"b":{},"_coverageSchema":"43e27e138ebf9cfc5966b082cf9a028302ed4184","hash":"06a18f067d000822565fb53e7fd6974efea5e347"}
,"/home/sergiu/Projects/mtv-react/src/components/Landing/Pipelines.jsx": {"path":"/home/sergiu/Projects/mtv-react/src/components/Landing/Pipelines.jsx","statementMap":{"0":{"start":{"line":11,"column":23},"end":{"line":25,"column":1}},"1":{"start":{"line":12,"column":22},"end":{"line":12,"column":72}},"2":{"start":{"line":14,"column":2},"end":{"line":24,"column":4}},"3":{"start":{"line":15,"column":70},"end":{"line":15,"column":101}},"4":{"start":{"line":27,"column":18},"end":{"line":46,"column":1}},"5":{"start":{"line":28,"column":47},"end":{"line":28,"column":66}},"6":{"start":{"line":29,"column":49},"end":{"line":29,"column":54}},"7":{"start":{"line":31,"column":2},"end":{"line":45,"column":4}},"8":{"start":{"line":39,"column":14},"end":{"line":39,"column":81}},"9":{"start":{"line":48,"column":0},"end":{"line":52,"column":2}},"10":{"start":{"line":54,"column":33},"end":{"line":57,"column":1}},"11":{"start":{"line":57,"column":17},"end":{"line":59,"column":1}},"12":{"start":{"line":58,"column":38},"end":{"line":58,"column":76}}},"fnMap":{"0":{"name":"(anonymous_0)","decl":{"start":{"line":11,"column":23},"end":{"line":11,"column":24}},"loc":{"start":{"line":11,"column":80},"end":{"line":25,"column":1}},"line":11},"1":{"name":"(anonymous_1)","decl":{"start":{"line":15,"column":64},"end":{"line":15,"column":65}},"loc":{"start":{"line":15,"column":70},"end":{"line":15,"column":101}},"line":15},"2":{"name":"(anonymous_2)","decl":{"start":{"line":27,"column":18},"end":{"line":27,"column":19}},"loc":{"start":{"line":27,"column":29},"end":{"line":46,"column":1}},"line":27},"3":{"name":"(anonymous_3)","decl":{"start":{"line":38,"column":31},"end":{"line":38,"column":32}},"loc":{"start":{"line":39,"column":14},"end":{"line":39,"column":81}},"line":39},"4":{"name":"(anonymous_4)","decl":{"start":{"line":54,"column":23},"end":{"line":54,"column":24}},"loc":{"start":{"line":54,"column":33},"end":{"line":57,"column":1}},"line":54},"5":{"name":"(anonymous_5)","decl":{"start":{"line":57,"column":4},"end":{"line":57,"column":5}},"loc":{"start":{"line":57,"column":17},"end":{"line":59,"column":1}},"line":57},"6":{"name":"(anonymous_6)","decl":{"start":{"line":58,"column":20},"end":{"line":58,"column":21}},"loc":{"start":{"line":58,"column":38},"end":{"line":58,"column":76}},"line":58}},"branchMap":{"0":{"loc":{"start":{"line":12,"column":22},"end":{"line":12,"column":72}},"type":"cond-expr","locations":[{"start":{"line":12,"column":59},"end":{"line":12,"column":67}},{"start":{"line":12,"column":70},"end":{"line":12,"column":72}}],"line":12},"1":{"loc":{"start":{"line":20,"column":19},"end":{"line":20,"column":48}},"type":"binary-expr","locations":[{"start":{"line":20,"column":19},"end":{"line":20,"column":38}},{"start":{"line":20,"column":42},"end":{"line":20,"column":48}}],"line":20},"2":{"loc":{"start":{"line":37,"column":12},"end":{"line":40,"column":49}},"type":"cond-expr","locations":[{"start":{"line":38,"column":14},"end":{"line":39,"column":82}},{"start":{"line":40,"column":14},"end":{"line":40,"column":49}}],"line":37}},"s":{"0":1,"1":0,"2":0,"3":0,"4":1,"5":1,"6":1,"7":1,"8":0,"9":1,"10":2,"11":1,"12":0},"f":{"0":0,"1":0,"2":1,"3":0,"4":2,"5":1,"6":0},"b":{"0":[0,0],"1":[0,0],"2":[0,1]},"_coverageSchema":"43e27e138ebf9cfc5966b082cf9a028302ed4184","hash":"461f7d1876185caec48e850f2afa86aea9929623"}
,"/home/sergiu/Projects/mtv-react/src/components/Landing/Projects.jsx": {"path":"/home/sergiu/Projects/mtv-react/src/components/Landing/Projects.jsx","statementMap":{"0":{"start":{"line":12,"column":22},"end":{"line":28,"column":1}},"1":{"start":{"line":13,"column":22},"end":{"line":13,"column":74}},"2":{"start":{"line":14,"column":2},"end":{"line":27,"column":4}},"3":{"start":{"line":15,"column":70},"end":{"line":15,"column":99}},"4":{"start":{"line":30,"column":17},"end":{"line":42,"column":9}},"5":{"start":{"line":31,"column":2},"end":{"line":42,"column":8}},"6":{"start":{"line":37,"column":45},"end":{"line":37,"column":112}},"7":{"start":{"line":44,"column":0},"end":{"line":49,"column":2}},"8":{"start":{"line":51,"column":33},"end":{"line":55,"column":1}},"9":{"start":{"line":55,"column":17},"end":{"line":57,"column":1}},"10":{"start":{"line":56,"column":36},"end":{"line":56,"column":72}}},"fnMap":{"0":{"name":"(anonymous_0)","decl":{"start":{"line":12,"column":22},"end":{"line":12,"column":23}},"loc":{"start":{"line":12,"column":80},"end":{"line":28,"column":1}},"line":12},"1":{"name":"(anonymous_1)","decl":{"start":{"line":15,"column":64},"end":{"line":15,"column":65}},"loc":{"start":{"line":15,"column":70},"end":{"line":15,"column":99}},"line":15},"2":{"name":"(anonymous_2)","decl":{"start":{"line":30,"column":17},"end":{"line":30,"column":18}},"loc":{"start":{"line":31,"column":2},"end":{"line":42,"column":8}},"line":31},"3":{"name":"(anonymous_3)","decl":{"start":{"line":37,"column":25},"end":{"line":37,"column":26}},"loc":{"start":{"line":37,"column":45},"end":{"line":37,"column":112}},"line":37},"4":{"name":"(anonymous_4)","decl":{"start":{"line":51,"column":23},"end":{"line":51,"column":24}},"loc":{"start":{"line":51,"column":33},"end":{"line":55,"column":1}},"line":51},"5":{"name":"(anonymous_5)","decl":{"start":{"line":55,"column":4},"end":{"line":55,"column":5}},"loc":{"start":{"line":55,"column":17},"end":{"line":57,"column":1}},"line":55},"6":{"name":"(anonymous_6)","decl":{"start":{"line":56,"column":19},"end":{"line":56,"column":20}},"loc":{"start":{"line":56,"column":36},"end":{"line":56,"column":72}},"line":56}},"branchMap":{"0":{"loc":{"start":{"line":13,"column":22},"end":{"line":13,"column":74}},"type":"cond-expr","locations":[{"start":{"line":13,"column":61},"end":{"line":13,"column":69}},{"start":{"line":13,"column":72},"end":{"line":13,"column":74}}],"line":13},"1":{"loc":{"start":{"line":36,"column":10},"end":{"line":38,"column":46}},"type":"cond-expr","locations":[{"start":{"line":37,"column":12},"end":{"line":37,"column":113}},{"start":{"line":38,"column":12},"end":{"line":38,"column":46}}],"line":36},"2":{"loc":{"start":{"line":36,"column":10},"end":{"line":36,"column":37}},"type":"binary-expr","locations":[{"start":{"line":36,"column":10},"end":{"line":36,"column":18}},{"start":{"line":36,"column":22},"end":{"line":36,"column":37}}],"line":36}},"s":{"0":1,"1":0,"2":0,"3":0,"4":1,"5":1,"6":0,"7":1,"8":2,"9":1,"10":0},"f":{"0":0,"1":0,"2":1,"3":0,"4":2,"5":1,"6":0},"b":{"0":[0,0],"1":[0,1],"2":[1,1]},"_coverageSchema":"43e27e138ebf9cfc5966b082cf9a028302ed4184","hash":"812ce2a526d44f4cc46ca5064d5a9c1c2c6b7f5d"}
,"/home/sergiu/Projects/mtv-react/src/model/actions/landing.js": {"path":"/home/sergiu/Projects/mtv-react/src/model/actions/landing.js","statementMap":{"0":{"start":{"line":5,"column":4},"end":{"line":9,"column":6}},"1":{"start":{"line":6,"column":24},"end":{"line":6,"column":46}},"2":{"start":{"line":7,"column":8},"end":{"line":7,"column":55}},"3":{"start":{"line":8,"column":8},"end":{"line":8,"column":23}},"4":{"start":{"line":13,"column":4},"end":{"line":17,"column":6}},"5":{"start":{"line":14,"column":24},"end":{"line":14,"column":44}},"6":{"start":{"line":15,"column":8},"end":{"line":15,"column":53}},"7":{"start":{"line":16,"column":8},"end":{"line":16,"column":23}},"8":{"start":{"line":21,"column":4},"end":{"line":25,"column":6}},"9":{"start":{"line":22,"column":24},"end":{"line":22,"column":43}},"10":{"start":{"line":23,"column":8},"end":{"line":23,"column":52}},"11":{"start":{"line":24,"column":8},"end":{"line":24,"column":23}},"12":{"start":{"line":29,"column":4},"end":{"line":39,"column":6}},"13":{"start":{"line":30,"column":24},"end":{"line":34,"column":10}},"14":{"start":{"line":35,"column":8},"end":{"line":38,"column":11}},"15":{"start":{"line":43,"column":4},"end":{"line":45,"column":6}},"16":{"start":{"line":44,"column":8},"end":{"line":44,"column":60}},"17":{"start":{"line":49,"column":4},"end":{"line":53,"column":6}},"18":{"start":{"line":50,"column":40},"end":{"line":50,"column":71}},"19":{"start":{"line":51,"column":8},"end":{"line":51,"column":110}},"20":{"start":{"line":52,"column":8},"end":{"line":52,"column":68}},"21":{"start":{"line":57,"column":4},"end":{"line":59,"column":6}},"22":{"start":{"line":58,"column":8},"end":{"line":58,"column":84}}},"fnMap":{"0":{"name":"fetchExperiments","decl":{"start":{"line":4,"column":16},"end":{"line":4,"column":32}},"loc":{"start":{"line":4,"column":35},"end":{"line":10,"column":1}},"line":4},"1":{"name":"(anonymous_1)","decl":{"start":{"line":5,"column":11},"end":{"line":5,"column":12}},"loc":{"start":{"line":5,"column":30},"end":{"line":9,"column":5}},"line":5},"2":{"name":"fetchPipelines","decl":{"start":{"line":12,"column":16},"end":{"line":12,"column":30}},"loc":{"start":{"line":12,"column":33},"end":{"line":18,"column":1}},"line":12},"3":{"name":"(anonymous_3)","decl":{"start":{"line":13,"column":11},"end":{"line":13,"column":12}},"loc":{"start":{"line":13,"column":31},"end":{"line":17,"column":5}},"line":13},"4":{"name":"fetchDatasets","decl":{"start":{"line":20,"column":16},"end":{"line":20,"column":29}},"loc":{"start":{"line":20,"column":32},"end":{"line":26,"column":1}},"line":20},"5":{"name":"(anonymous_5)","decl":{"start":{"line":21,"column":11},"end":{"line":21,"column":12}},"loc":{"start":{"line":21,"column":30},"end":{"line":25,"column":5}},"line":21},"6":{"name":"fetchProjects","decl":{"start":{"line":28,"column":16},"end":{"line":28,"column":29}},"loc":{"start":{"line":28,"column":32},"end":{"line":40,"column":1}},"line":28},"7":{"name":"(anonymous_7)","decl":{"start":{"line":29,"column":11},"end":{"line":29,"column":12}},"loc":{"start":{"line":29,"column":30},"end":{"line":39,"column":5}},"line":29},"8":{"name":"selectProject","decl":{"start":{"line":42,"column":16},"end":{"line":42,"column":29}},"loc":{"start":{"line":42,"column":45},"end":{"line":46,"column":1}},"line":42},"9":{"name":"(anonymous_9)","decl":{"start":{"line":43,"column":11},"end":{"line":43,"column":12}},"loc":{"start":{"line":43,"column":30},"end":{"line":45,"column":5}},"line":43},"10":{"name":"selectPipeline","decl":{"start":{"line":48,"column":16},"end":{"line":48,"column":30}},"loc":{"start":{"line":48,"column":53},"end":{"line":54,"column":1}},"line":48},"11":{"name":"(anonymous_11)","decl":{"start":{"line":49,"column":11},"end":{"line":49,"column":12}},"loc":{"start":{"line":49,"column":40},"end":{"line":53,"column":5}},"line":49},"12":{"name":"selectExperiment","decl":{"start":{"line":56,"column":16},"end":{"line":56,"column":32}},"loc":{"start":{"line":56,"column":48},"end":{"line":60,"column":1}},"line":56},"13":{"name":"(anonymous_13)","decl":{"start":{"line":57,"column":11},"end":{"line":57,"column":12}},"loc":{"start":{"line":57,"column":30},"end":{"line":59,"column":5}},"line":57}},"branchMap":{"0":{"loc":{"start":{"line":51,"column":31},"end":{"line":51,"column":109}},"type":"cond-expr","locations":[{"start":{"line":51,"column":82},"end":{"line":51,"column":102}},{"start":{"line":51,"column":105},"end":{"line":51,"column":109}}],"line":51}},"s":{"0":2,"1":2,"2":2,"3":2,"4":2,"5":2,"6":2,"7":2,"8":2,"9":2,"10":2,"11":2,"12":1,"13":1,"14":1,"15":0,"16":0,"17":2,"18":2,"19":2,"20":2,"21":1,"22":1},"f":{"0":2,"1":2,"2":2,"3":2,"4":2,"5":2,"6":1,"7":1,"8":0,"9":0,"10":2,"11":2,"12":1,"13":1},"b":{"0":[2,0]},"_coverageSchema":"43e27e138ebf9cfc5966b082cf9a028302ed4184","hash":"b4e9ead8edfc3ab752d8852eb1786e136c585b6a"}
,"/home/sergiu/Projects/mtv-react/src/model/actions/utils.js": {"path":"/home/sergiu/Projects/mtv-react/src/model/actions/utils.js","statementMap":{"0":{"start":{"line":1,"column":16},"end":{"line":1,"column":26}},"1":{"start":{"line":3,"column":19},"end":{"line":34,"column":1}},"2":{"start":{"line":5,"column":23},"end":{"line":5,"column":41}},"3":{"start":{"line":6,"column":24},"end":{"line":11,"column":10}},"4":{"start":{"line":12,"column":8},"end":{"line":18,"column":42}},"5":{"start":{"line":13,"column":12},"end":{"line":15,"column":13}},"6":{"start":{"line":14,"column":16},"end":{"line":14,"column":77}},"7":{"start":{"line":16,"column":12},"end":{"line":16,"column":24}},"8":{"start":{"line":18,"column":22},"end":{"line":18,"column":40}}},"fnMap":{"0":{"name":"(anonymous_0)","decl":{"start":{"line":4,"column":4},"end":{"line":4,"column":5}},"loc":{"start":{"line":4,"column":32},"end":{"line":19,"column":5}},"line":4},"1":{"name":"(anonymous_1)","decl":{"start":{"line":12,"column":28},"end":{"line":12,"column":29}},"loc":{"start":{"line":12,"column":40},"end":{"line":17,"column":9}},"line":12},"2":{"name":"(anonymous_2)","decl":{"start":{"line":18,"column":15},"end":{"line":18,"column":16}},"loc":{"start":{"line":18,"column":22},"end":{"line":18,"column":40}},"line":18}},"branchMap":{"0":{"loc":{"start":{"line":4,"column":13},"end":{"line":4,"column":30}},"type":"default-arg","locations":[{"start":{"line":4,"column":24},"end":{"line":4,"column":30}}],"line":4},"1":{"loc":{"start":{"line":13,"column":12},"end":{"line":15,"column":13}},"type":"if","locations":[{"start":{"line":13,"column":12},"end":{"line":15,"column":13}},{"start":{"line":13,"column":12},"end":{"line":15,"column":13}}],"line":13},"2":{"loc":{"start":{"line":14,"column":23},"end":{"line":14,"column":76}},"type":"cond-expr","locations":[{"start":{"line":14,"column":45},"end":{"line":14,"column":58}},{"start":{"line":14,"column":61},"end":{"line":14,"column":76}}],"line":14}},"s":{"0":3,"1":3,"2":6,"3":6,"4":6,"5":3,"6":3,"7":0,"8":0},"f":{"0":6,"1":3,"2":0},"b":{"0":[6],"1":[3,0],"2":[0,3]},"_coverageSchema":"43e27e138ebf9cfc5966b082cf9a028302ed4184","hash":"fa4a91442d27a5b94c4282cb28af81a1e093b832"}
,"/home/sergiu/Projects/mtv-react/src/model/reducers/datasets.js": {"path":"/home/sergiu/Projects/mtv-react/src/model/reducers/datasets.js","statementMap":{"0":{"start":{"line":4,"column":4},"end":{"line":4,"column":38}},"1":{"start":{"line":5,"column":4},"end":{"line":5,"column":32}},"2":{"start":{"line":8,"column":4},"end":{"line":8,"column":39}},"3":{"start":{"line":9,"column":4},"end":{"line":9,"column":45}},"4":{"start":{"line":12,"column":4},"end":{"line":12,"column":39}},"5":{"start":{"line":13,"column":4},"end":{"line":13,"column":32}}},"fnMap":{"0":{"name":"GET_DATASETS_REQUEST","decl":{"start":{"line":3,"column":9},"end":{"line":3,"column":29}},"loc":{"start":{"line":3,"column":41},"end":{"line":6,"column":1}},"line":3},"1":{"name":"GET_DATASETS_SUCCESS","decl":{"start":{"line":7,"column":9},"end":{"line":7,"column":29}},"loc":{"start":{"line":7,"column":53},"end":{"line":10,"column":1}},"line":7},"2":{"name":"GET_DATASETS_FAILURE","decl":{"start":{"line":11,"column":9},"end":{"line":11,"column":29}},"loc":{"start":{"line":11,"column":41},"end":{"line":14,"column":1}},"line":11}},"branchMap":{},"s":{"0":3,"1":3,"2":2,"3":2,"4":1,"5":1},"f":{"0":3,"1":2,"2":1},"b":{},"_coverageSchema":"43e27e138ebf9cfc5966b082cf9a028302ed4184","hash":"9ca8540bf85c246b63e4956bbc6ea4afa8d7e8ea"}
,"/home/sergiu/Projects/mtv-react/src/model/reducers/experiments.js": {"path":"/home/sergiu/Projects/mtv-react/src/model/reducers/experiments.js","statementMap":{"0":{"start":{"line":4,"column":4},"end":{"line":4,"column":42}},"1":{"start":{"line":5,"column":4},"end":{"line":5,"column":35}},"2":{"start":{"line":9,"column":4},"end":{"line":9,"column":43}},"3":{"start":{"line":10,"column":4},"end":{"line":10,"column":51}},"4":{"start":{"line":14,"column":4},"end":{"line":14,"column":43}},"5":{"start":{"line":15,"column":4},"end":{"line":15,"column":35}},"6":{"start":{"line":19,"column":4},"end":{"line":19,"column":58}}},"fnMap":{"0":{"name":"GET_EXPERIMENTS_REQUEST","decl":{"start":{"line":3,"column":9},"end":{"line":3,"column":32}},"loc":{"start":{"line":3,"column":44},"end":{"line":6,"column":1}},"line":3},"1":{"name":"GET_EXPERIMENTS_SUCCESS","decl":{"start":{"line":8,"column":9},"end":{"line":8,"column":32}},"loc":{"start":{"line":8,"column":56},"end":{"line":11,"column":1}},"line":8},"2":{"name":"GET_EXPERIMENTS_FAILURE","decl":{"start":{"line":13,"column":9},"end":{"line":13,"column":32}},"loc":{"start":{"line":13,"column":44},"end":{"line":16,"column":1}},"line":13},"3":{"name":"SELECT_EXPERIMENT","decl":{"start":{"line":18,"column":9},"end":{"line":18,"column":26}},"loc":{"start":{"line":18,"column":64},"end":{"line":20,"column":1}},"line":18}},"branchMap":{},"s":{"0":3,"1":3,"2":2,"3":2,"4":1,"5":1,"6":1},"f":{"0":3,"1":2,"2":1,"3":1},"b":{},"_coverageSchema":"43e27e138ebf9cfc5966b082cf9a028302ed4184","hash":"a6ecbafc9b051f060acfbd4a5120e69da50e7f2c"}
,"/home/sergiu/Projects/mtv-react/src/model/reducers/index.js": {"path":"/home/sergiu/Projects/mtv-react/src/model/reducers/index.js","statementMap":{},"fnMap":{},"branchMap":{},"s":{},"f":{},"b":{},"_coverageSchema":"43e27e138ebf9cfc5966b082cf9a028302ed4184","hash":"63377eebdb9882ae390da305a886d78491ea8e5a"}
,"/home/sergiu/Projects/mtv-react/src/model/reducers/pipelines.js": {"path":"/home/sergiu/Projects/mtv-react/src/model/reducers/pipelines.js","statementMap":{"0":{"start":{"line":4,"column":4},"end":{"line":4,"column":40}},"1":{"start":{"line":5,"column":4},"end":{"line":5,"column":32}},"2":{"start":{"line":6,"column":4},"end":{"line":6,"column":42}},"3":{"start":{"line":10,"column":4},"end":{"line":10,"column":41}},"4":{"start":{"line":11,"column":4},"end":{"line":11,"column":46}},"5":{"start":{"line":12,"column":4},"end":{"line":12,"column":42}},"6":{"start":{"line":16,"column":4},"end":{"line":16,"column":41}},"7":{"start":{"line":17,"column":4},"end":{"line":17,"column":32}},"8":{"start":{"line":18,"column":4},"end":{"line":18,"column":42}},"9":{"start":{"line":22,"column":4},"end":{"line":22,"column":58}}},"fnMap":{"0":{"name":"GET_PIPELINES_REQUEST","decl":{"start":{"line":3,"column":9},"end":{"line":3,"column":30}},"loc":{"start":{"line":3,"column":42},"end":{"line":7,"column":1}},"line":3},"1":{"name":"GET_PIPELINES_SUCCESS","decl":{"start":{"line":9,"column":9},"end":{"line":9,"column":30}},"loc":{"start":{"line":9,"column":54},"end":{"line":13,"column":1}},"line":9},"2":{"name":"GET_PIPELINES_FAILURE","decl":{"start":{"line":15,"column":9},"end":{"line":15,"column":30}},"loc":{"start":{"line":15,"column":42},"end":{"line":19,"column":1}},"line":15},"3":{"name":"SELECT_PIPELINE","decl":{"start":{"line":21,"column":9},"end":{"line":21,"column":24}},"loc":{"start":{"line":21,"column":62},"end":{"line":23,"column":1}},"line":21}},"branchMap":{},"s":{"0":3,"1":3,"2":3,"3":2,"4":2,"5":2,"6":1,"7":1,"8":1,"9":3},"f":{"0":3,"1":2,"2":1,"3":3},"b":{},"_coverageSchema":"43e27e138ebf9cfc5966b082cf9a028302ed4184","hash":"55c80806107c7dd5138dd380bb76f80584eb8783"}
,"/home/sergiu/Projects/mtv-react/src/model/reducers/projects.js": {"path":"/home/sergiu/Projects/mtv-react/src/model/reducers/projects.js","statementMap":{"0":{"start":{"line":4,"column":4},"end":{"line":4,"column":46}},"1":{"start":{"line":8,"column":4},"end":{"line":8,"column":65}}},"fnMap":{"0":{"name":"SELECT_PROJECT","decl":{"start":{"line":3,"column":9},"end":{"line":3,"column":23}},"loc":{"start":{"line":3,"column":54},"end":{"line":5,"column":1}},"line":3},"1":{"name":"FETCH_PROJECTS_SUCCESS","decl":{"start":{"line":7,"column":9},"end":{"line":7,"column":31}},"loc":{"start":{"line":7,"column":55},"end":{"line":9,"column":1}},"line":7}},"branchMap":{},"s":{"0":0,"1":0},"f":{"0":0,"1":0},"b":{},"_coverageSchema":"43e27e138ebf9cfc5966b082cf9a028302ed4184","hash":"3cb2cc1a1e7917ba6313eb801c1aec3d8e171ee0"}
,"/home/sergiu/Projects/mtv-react/src/model/selectors/projects.js": {"path":"/home/sergiu/Projects/mtv-react/src/model/selectors/projects.js","statementMap":{"0":{"start":{"line":3,"column":34},"end":{"line":3,"column":62}},"1":{"start":{"line":3,"column":45},"end":{"line":3,"column":62}},"2":{"start":{"line":4,"column":32},"end":{"line":4,"column":58}},"3":{"start":{"line":4,"column":43},"end":{"line":4,"column":58}},"4":{"start":{"line":5,"column":27},"end":{"line":5,"column":52}},"5":{"start":{"line":5,"column":38},"end":{"line":5,"column":52}},"6":{"start":{"line":6,"column":35},"end":{"line":6,"column":82}},"7":{"start":{"line":6,"column":46},"end":{"line":6,"column":82}},"8":{"start":{"line":7,"column":38},"end":{"line":7,"column":79}},"9":{"start":{"line":7,"column":49},"end":{"line":7,"column":79}},"10":{"start":{"line":8,"column":39},"end":{"line":8,"column":86}},"11":{"start":{"line":8,"column":48},"end":{"line":8,"column":86}},"12":{"start":{"line":9,"column":37},"end":{"line":9,"column":84}},"13":{"start":{"line":9,"column":46},"end":{"line":9,"column":84}},"14":{"start":{"line":12,"column":36},"end":{"line":15,"column":110}},"15":{"start":{"line":15,"column":8},"end":{"line":15,"column":109}},"16":{"start":{"line":17,"column":21},"end":{"line":24,"column":1}},"17":{"start":{"line":18,"column":4},"end":{"line":23,"column":5}},"18":{"start":{"line":19,"column":21},"end":{"line":19,"column":31}},"19":{"start":{"line":20,"column":20},"end":{"line":20,"column":30}},"20":{"start":{"line":22,"column":12},"end":{"line":22,"column":22}},"21":{"start":{"line":26,"column":31},"end":{"line":45,"column":1}},"22":{"start":{"line":28,"column":35},"end":{"line":34,"column":14}},"23":{"start":{"line":29,"column":12},"end":{"line":31,"column":13}},"24":{"start":{"line":30,"column":16},"end":{"line":30,"column":48}},"25":{"start":{"line":32,"column":12},"end":{"line":32,"column":56}},"26":{"start":{"line":33,"column":12},"end":{"line":33,"column":26}},"27":{"start":{"line":36,"column":8},"end":{"line":43,"column":16}},"28":{"start":{"line":36,"column":81},"end":{"line":43,"column":10}},"29":{"start":{"line":47,"column":38},"end":{"line":54,"column":1}},"30":{"start":{"line":49,"column":64},"end":{"line":53,"column":6}},"31":{"start":{"line":50,"column":31},"end":{"line":50,"column":97}},"32":{"start":{"line":51,"column":32},"end":{"line":51,"column":93}},"33":{"start":{"line":52,"column":8},"end":{"line":52,"column":49}}},"fnMap":{"0":{"name":"(anonymous_0)","decl":{"start":{"line":3,"column":34},"end":{"line":3,"column":35}},"loc":{"start":{"line":3,"column":45},"end":{"line":3,"column":62}},"line":3},"1":{"name":"(anonymous_1)","decl":{"start":{"line":4,"column":32},"end":{"line":4,"column":33}},"loc":{"start":{"line":4,"column":43},"end":{"line":4,"column":58}},"line":4},"2":{"name":"(anonymous_2)","decl":{"start":{"line":5,"column":27},"end":{"line":5,"column":28}},"loc":{"start":{"line":5,"column":38},"end":{"line":5,"column":52}},"line":5},"3":{"name":"(anonymous_3)","decl":{"start":{"line":6,"column":35},"end":{"line":6,"column":36}},"loc":{"start":{"line":6,"column":46},"end":{"line":6,"column":82}},"line":6},"4":{"name":"(anonymous_4)","decl":{"start":{"line":7,"column":38},"end":{"line":7,"column":39}},"loc":{"start":{"line":7,"column":49},"end":{"line":7,"column":79}},"line":7},"5":{"name":"(anonymous_5)","decl":{"start":{"line":8,"column":39},"end":{"line":8,"column":40}},"loc":{"start":{"line":8,"column":48},"end":{"line":8,"column":86}},"line":8},"6":{"name":"(anonymous_6)","decl":{"start":{"line":9,"column":37},"end":{"line":9,"column":38}},"loc":{"start":{"line":9,"column":46},"end":{"line":9,"column":84}},"line":9},"7":{"name":"(anonymous_7)","decl":{"start":{"line":14,"column":4},"end":{"line":14,"column":5}},"loc":{"start":{"line":15,"column":8},"end":{"line":15,"column":109}},"line":15},"8":{"name":"(anonymous_8)","decl":{"start":{"line":17,"column":21},"end":{"line":17,"column":22}},"loc":{"start":{"line":17,"column":36},"end":{"line":24,"column":1}},"line":17},"9":{"name":"(anonymous_9)","decl":{"start":{"line":27,"column":26},"end":{"line":27,"column":27}},"loc":{"start":{"line":27,"column":47},"end":{"line":44,"column":5}},"line":27},"10":{"name":"(anonymous_10)","decl":{"start":{"line":28,"column":74},"end":{"line":28,"column":75}},"loc":{"start":{"line":28,"column":98},"end":{"line":34,"column":9}},"line":28},"11":{"name":"(anonymous_11)","decl":{"start":{"line":36,"column":54},"end":{"line":36,"column":55}},"loc":{"start":{"line":36,"column":81},"end":{"line":43,"column":10}},"line":36},"12":{"name":"(anonymous_12)","decl":{"start":{"line":49,"column":4},"end":{"line":49,"column":5}},"loc":{"start":{"line":49,"column":64},"end":{"line":53,"column":6}},"line":49},"13":{"name":"(anonymous_13)","decl":{"start":{"line":49,"column":103},"end":{"line":49,"column":104}},"loc":{"start":{"line":49,"column":117},"end":{"line":53,"column":5}},"line":49}},"branchMap":{"0":{"loc":{"start":{"line":15,"column":8},"end":{"line":15,"column":109}},"type":"binary-expr","locations":[{"start":{"line":15,"column":8},"end":{"line":15,"column":44}},{"start":{"line":15,"column":48},"end":{"line":15,"column":73}},{"start":{"line":15,"column":77},"end":{"line":15,"column":109}}],"line":15},"1":{"loc":{"start":{"line":18,"column":4},"end":{"line":23,"column":5}},"type":"switch","locations":[{"start":{"line":19,"column":8},"end":{"line":19,"column":31}},{"start":{"line":20,"column":8},"end":{"line":20,"column":30}},{"start":{"line":21,"column":8},"end":{"line":22,"column":22}}],"line":18},"2":{"loc":{"start":{"line":29,"column":12},"end":{"line":31,"column":13}},"type":"if","locations":[{"start":{"line":29,"column":12},"end":{"line":31,"column":13}},{"start":{"line":29,"column":12},"end":{"line":31,"column":13}}],"line":29},"3":{"loc":{"start":{"line":50,"column":31},"end":{"line":50,"column":97}},"type":"binary-expr","locations":[{"start":{"line":50,"column":31},"end":{"line":50,"column":51}},{"start":{"line":50,"column":55},"end":{"line":50,"column":97}}],"line":50},"4":{"loc":{"start":{"line":51,"column":32},"end":{"line":51,"column":93}},"type":"binary-expr","locations":[{"start":{"line":51,"column":32},"end":{"line":51,"column":49}},{"start":{"line":51,"column":53},"end":{"line":51,"column":93}}],"line":51},"5":{"loc":{"start":{"line":52,"column":15},"end":{"line":52,"column":48}},"type":"binary-expr","locations":[{"start":{"line":52,"column":15},"end":{"line":52,"column":29}},{"start":{"line":52,"column":33},"end":{"line":52,"column":48}}],"line":52}},"s":{"0":3,"1":9,"2":3,"3":4,"4":3,"5":2,"6":3,"7":14,"8":3,"9":7,"10":3,"11":5,"12":3,"13":5,"14":3,"15":2,"16":3,"17":0,"18":0,"19":0,"20":0,"21":3,"22":2,"23":0,"24":0,"25":0,"26":0,"27":2,"28":0,"29":3,"30":5,"31":30,"32":30,"33":30},"f":{"0":9,"1":4,"2":2,"3":14,"4":7,"5":5,"6":5,"7":2,"8":0,"9":2,"10":0,"11":0,"12":5,"13":30},"b":{"0":[2,2,0],"1":[0,0,0],"2":[0,0],"3":[30,0],"4":[30,0],"5":[30,30]},"_coverageSchema":"43e27e138ebf9cfc5966b082cf9a028302ed4184","hash":"016f56e1ec8d4afd0d90a7e1e6b828ab40eaa03b"}
,"/home/sergiu/Projects/mtv-react/src/model/store/createReducer.js": {"path":"/home/sergiu/Projects/mtv-react/src/model/store/createReducer.js","statementMap":{"0":{"start":{"line":4,"column":2},"end":{"line":4,"column":15}},"1":{"start":{"line":8,"column":2},"end":{"line":28,"column":4}},"2":{"start":{"line":9,"column":21},"end":{"line":9,"column":27}},"3":{"start":{"line":11,"column":4},"end":{"line":14,"column":5}},"4":{"start":{"line":12,"column":6},"end":{"line":12,"column":50}},"5":{"start":{"line":13,"column":6},"end":{"line":13,"column":28}},"6":{"start":{"line":16,"column":20},"end":{"line":16,"column":34}},"7":{"start":{"line":18,"column":4},"end":{"line":20,"column":5}},"8":{"start":{"line":19,"column":6},"end":{"line":19,"column":28}},"9":{"start":{"line":22,"column":4},"end":{"line":25,"column":5}},"10":{"start":{"line":23,"column":6},"end":{"line":23,"column":60}},"11":{"start":{"line":24,"column":6},"end":{"line":24,"column":28}},"12":{"start":{"line":27,"column":4},"end":{"line":27,"column":74}},"13":{"start":{"line":27,"column":39},"end":{"line":27,"column":72}}},"fnMap":{"0":{"name":"DEFAULT","decl":{"start":{"line":3,"column":9},"end":{"line":3,"column":16}},"loc":{"start":{"line":3,"column":24},"end":{"line":5,"column":1}},"line":3},"1":{"name":"createReducer","decl":{"start":{"line":7,"column":24},"end":{"line":7,"column":37}},"loc":{"start":{"line":7,"column":67},"end":{"line":29,"column":1}},"line":7},"2":{"name":"(anonymous_2)","decl":{"start":{"line":8,"column":9},"end":{"line":8,"column":10}},"loc":{"start":{"line":8,"column":48},"end":{"line":28,"column":3}},"line":8},"3":{"name":"(anonymous_3)","decl":{"start":{"line":27,"column":26},"end":{"line":27,"column":27}},"loc":{"start":{"line":27,"column":39},"end":{"line":27,"column":72}},"line":27}},"branchMap":{"0":{"loc":{"start":{"line":7,"column":38},"end":{"line":7,"column":55}},"type":"default-arg","locations":[{"start":{"line":7,"column":53},"end":{"line":7,"column":55}}],"line":7},"1":{"loc":{"start":{"line":8,"column":18},"end":{"line":8,"column":38}},"type":"default-arg","locations":[{"start":{"line":8,"column":26},"end":{"line":8,"column":38}}],"line":8},"2":{"loc":{"start":{"line":11,"column":4},"end":{"line":14,"column":5}},"type":"if","locations":[{"start":{"line":11,"column":4},"end":{"line":14,"column":5}},{"start":{"line":11,"column":4},"end":{"line":14,"column":5}}],"line":11},"3":{"loc":{"start":{"line":18,"column":4},"end":{"line":20,"column":5}},"type":"if","locations":[{"start":{"line":18,"column":4},"end":{"line":20,"column":5}},{"start":{"line":18,"column":4},"end":{"line":20,"column":5}}],"line":18},"4":{"loc":{"start":{"line":22,"column":4},"end":{"line":25,"column":5}},"type":"if","locations":[{"start":{"line":22,"column":4},"end":{"line":25,"column":5}},{"start":{"line":22,"column":4},"end":{"line":25,"column":5}}],"line":22}},"s":{"0":164,"1":28,"2":186,"3":186,"4":0,"5":0,"6":186,"7":186,"8":164,"9":22,"10":0,"11":0,"12":22,"13":22},"f":{"0":164,"1":28,"2":186,"3":22},"b":{"0":[0],"1":[132],"2":[0,186],"3":[164,22],"4":[0,22]},"_coverageSchema":"43e27e138ebf9cfc5966b082cf9a028302ed4184","hash":"6e9795fb39357b81655f5259b3746fc6b0d58e1e"}
,"/home/sergiu/Projects/mtv-react/src/model/store/index.js": {"path":"/home/sergiu/Projects/mtv-react/src/model/store/index.js","statementMap":{"0":{"start":{"line":10,"column":22},"end":{"line":10,"column":44}},"1":{"start":{"line":11,"column":2},"end":{"line":15,"column":3}},"2":{"start":{"line":12,"column":4},"end":{"line":14,"column":8}},"3":{"start":{"line":16,"column":28},"end":{"line":16,"column":80}},"4":{"start":{"line":17,"column":16},"end":{"line":17,"column":73}},"5":{"start":{"line":18,"column":2},"end":{"line":18,"column":15}}},"fnMap":{"0":{"name":"configureStore","decl":{"start":{"line":9,"column":16},"end":{"line":9,"column":30}},"loc":{"start":{"line":9,"column":50},"end":{"line":19,"column":1}},"line":9}},"branchMap":{"0":{"loc":{"start":{"line":9,"column":31},"end":{"line":9,"column":48}},"type":"default-arg","locations":[{"start":{"line":9,"column":46},"end":{"line":9,"column":48}}],"line":9},"1":{"loc":{"start":{"line":11,"column":2},"end":{"line":15,"column":3}},"type":"if","locations":[{"start":{"line":11,"column":2},"end":{"line":15,"column":3}},{"start":{"line":11,"column":2},"end":{"line":15,"column":3}}],"line":11}},"s":{"0":17,"1":17,"2":0,"3":17,"4":17,"5":17},"f":{"0":17},"b":{"0":[15],"1":[0,17]},"_coverageSchema":"43e27e138ebf9cfc5966b082cf9a028302ed4184","hash":"04671b96e2d5b3ae225024a4ad9bfef643c3f66e"}
,"/home/sergiu/Projects/mtv-react/src/model/store/middlewares.js": {"path":"/home/sergiu/Projects/mtv-react/src/model/store/middlewares.js","statementMap":{"0":{"start":{"line":1,"column":19},"end":{"line":17,"column":1}},"1":{"start":{"line":1,"column":25},"end":{"line":17,"column":1}},"2":{"start":{"line":1,"column":33},"end":{"line":17,"column":1}},"3":{"start":{"line":2,"column":37},"end":{"line":2,"column":43}},"4":{"start":{"line":3,"column":2},"end":{"line":6,"column":3}},"5":{"start":{"line":4,"column":4},"end":{"line":4,"column":17}},"6":{"start":{"line":5,"column":4},"end":{"line":5,"column":11}},"7":{"start":{"line":8,"column":2},"end":{"line":8,"column":54}},"8":{"start":{"line":10,"column":2},"end":{"line":16,"column":3}},"9":{"start":{"line":11,"column":19},"end":{"line":11,"column":32}},"10":{"start":{"line":12,"column":4},"end":{"line":12,"column":64}},"11":{"start":{"line":14,"column":4},"end":{"line":14,"column":25}},"12":{"start":{"line":15,"column":4},"end":{"line":15,"column":78}}},"fnMap":{"0":{"name":"(anonymous_0)","decl":{"start":{"line":1,"column":19},"end":{"line":1,"column":20}},"loc":{"start":{"line":1,"column":25},"end":{"line":17,"column":1}},"line":1},"1":{"name":"(anonymous_1)","decl":{"start":{"line":1,"column":25},"end":{"line":1,"column":26}},"loc":{"start":{"line":1,"column":33},"end":{"line":17,"column":1}},"line":1},"2":{"name":"(anonymous_2)","decl":{"start":{"line":1,"column":33},"end":{"line":1,"column":34}},"loc":{"start":{"line":1,"column":49},"end":{"line":17,"column":1}},"line":1}},"branchMap":{"0":{"loc":{"start":{"line":3,"column":2},"end":{"line":6,"column":3}},"type":"if","locations":[{"start":{"line":3,"column":2},"end":{"line":6,"column":3}},{"start":{"line":3,"column":2},"end":{"line":6,"column":3}}],"line":3},"1":{"loc":{"start":{"line":3,"column":6},"end":{"line":3,"column":23}},"type":"binary-expr","locations":[{"start":{"line":3,"column":6},"end":{"line":3,"column":14}},{"start":{"line":3,"column":18},"end":{"line":3,"column":23}}],"line":3}},"s":{"0":7,"1":17,"2":17,"3":10,"4":10,"5":3,"6":3,"7":7,"8":7,"9":7,"10":3,"11":0,"12":0},"f":{"0":17,"1":17,"2":10},"b":{"0":[3,7],"1":[10,7]},"_coverageSchema":"43e27e138ebf9cfc5966b082cf9a028302ed4184","hash":"3d12f4bcd950ddb6a05f5755797b5287165a60b5"}
,"/home/sergiu/Projects/mtv-react/src/tests/utils.js": {"path":"/home/sergiu/Projects/mtv-react/src/tests/utils.js","statementMap":{"0":{"start":{"line":5,"column":30},"end":{"line":8,"column":14}},"1":{"start":{"line":5,"column":63},"end":{"line":8,"column":14}},"2":{"start":{"line":10,"column":31},"end":{"line":13,"column":14}},"3":{"start":{"line":10,"column":64},"end":{"line":13,"column":14}}},"fnMap":{"0":{"name":"(anonymous_0)","decl":{"start":{"line":5,"column":30},"end":{"line":5,"column":31}},"loc":{"start":{"line":5,"column":63},"end":{"line":8,"column":14}},"line":5},"1":{"name":"(anonymous_1)","decl":{"start":{"line":10,"column":31},"end":{"line":10,"column":32}},"loc":{"start":{"line":10,"column":64},"end":{"line":13,"column":14}},"line":10}},"branchMap":{"0":{"loc":{"start":{"line":5,"column":31},"end":{"line":5,"column":48}},"type":"default-arg","locations":[{"start":{"line":5,"column":46},"end":{"line":5,"column":48}}],"line":5},"1":{"loc":{"start":{"line":10,"column":32},"end":{"line":10,"column":49}},"type":"default-arg","locations":[{"start":{"line":10,"column":47},"end":{"line":10,"column":49}}],"line":10}},"s":{"0":1,"1":1,"2":1,"3":1},"f":{"0":1,"1":1},"b":{"0":[0],"1":[0]},"_coverageSchema":"43e27e138ebf9cfc5966b082cf9a028302ed4184","hash":"1c02b95afe2efb724076affd55ea6990de03a7f6"}
,"/home/sergiu/Projects/mtv-react/src/tests/testmocks/datasets.js": {"path":"/home/sergiu/Projects/mtv-react/src/tests/testmocks/datasets.js","statementMap":{"0":{"start":{"line":1,"column":24},"end":{"line":50,"column":1}}},"fnMap":{},"branchMap":{},"s":{"0":2},"f":{},"b":{},"_coverageSchema":"43e27e138ebf9cfc5966b082cf9a028302ed4184","hash":"800f38d53e82b9893b39f162d65f0054c96cccf1"}
,"/home/sergiu/Projects/mtv-react/src/tests/testmocks/experiments.js": {"path":"/home/sergiu/Projects/mtv-react/src/tests/testmocks/experiments.js","statementMap":{"0":{"start":{"line":1,"column":27},"end":{"line":1242,"column":1}}},"fnMap":{},"branchMap":{},"s":{"0":3},"f":{},"b":{},"_coverageSchema":"43e27e138ebf9cfc5966b082cf9a028302ed4184","hash":"a3db0afd04096f0f561518e275ea312ca23c828c"}
,"/home/sergiu/Projects/mtv-react/src/tests/testmocks/pipelines.js": {"path":"/home/sergiu/Projects/mtv-react/src/tests/testmocks/pipelines.js","statementMap":{"0":{"start":{"line":1,"column":25},"end":{"line":312,"column":1}}},"fnMap":{},"branchMap":{},"s":{"0":2},"f":{},"b":{},"_coverageSchema":"43e27e138ebf9cfc5966b082cf9a028302ed4184","hash":"2d13500cc2db31d30ea619109b2c12dcacae781f"}
}
