TN:
SF:/home/sergiu/Projects/mtv-react/src/App.tsx
FN:8,(anonymous_0)
FNF:1
FNH:1
FNDA:1,(anonymous_0)
DA:8,1
DA:9,1
LF:2
LH:2
BRF:0
BRH:0
end_of_record
TN:
SF:/home/sergiu/Projects/mtv-react/src/index.tsx
FNF:0
FNH:0
DA:6,0
LF:1
LH:0
BRF:0
BRH:0
end_of_record
TN:
SF:/home/sergiu/Projects/mtv-react/src/react-app-env.d.ts
FNF:0
FNH:0
LF:0
LH:0
BRF:0
BRH:0
end_of_record
TN:
SF:/home/sergiu/Projects/mtv-react/src/components/Common/Loader.jsx
FN:4,(anonymous_0)
FN:7,(anonymous_1)
FNF:2
FNH:2
FNDA:6,(anonymous_0)
FNDA:3,(anonymous_1)
DA:4,2
DA:5,6
DA:7,6
DA:8,3
DA:15,6
LF:5
LH:5
BRDA:15,0,0,3
BRDA:15,0,1,3
BRF:2
BRH:2
end_of_record
TN:
SF:/home/sergiu/Projects/mtv-react/src/components/Header/Header.tsx
FN:4,(anonymous_0)
FNF:1
FNH:1
FNDA:2,(anonymous_0)
DA:4,2
DA:5,2
LF:2
LH:2
BRF:0
BRH:0
end_of_record
TN:
SF:/home/sergiu/Projects/mtv-react/src/components/Landing/Experiments.jsx
FN:14,(anonymous_0)
FN:17,(anonymous_1)
FN:28,(anonymous_2)
FN:41,(anonymous_3)
FN:57,(anonymous_4)
FN:62,(anonymous_5)
FN:63,(anonymous_6)
FNF:7
FNH:7
FNDA:30,(anonymous_0)
FNDA:1,(anonymous_1)
FNDA:4,(anonymous_2)
FNDA:30,(anonymous_3)
FNDA:5,(anonymous_4)
FNDA:3,(anonymous_5)
FNDA:1,(anonymous_6)
DA:14,2
DA:15,30
DA:16,30
DA:17,1
DA:28,2
DA:35,4
DA:42,30
DA:49,2
DA:57,5
DA:62,3
DA:63,1
LF:11
LH:11
BRDA:15,0,0,1
BRDA:15,0,1,29
BRDA:15,1,0,30
BRDA:15,1,1,30
BRDA:40,2,0,3
BRDA:40,2,1,1
BRF:6
BRH:6
end_of_record
TN:
SF:/home/sergiu/Projects/mtv-react/src/components/Landing/Landing.jsx
FN:13,(anonymous_0)
FN:17,(anonymous_1)
FN:32,(anonymous_2)
FN:33,(anonymous_3)
FNF:4
FNH:4
FNDA:1,(anonymous_0)
FNDA:1,(anonymous_1)
FNDA:1,(anonymous_2)
FNDA:1,(anonymous_3)
DA:14,1
DA:18,1
DA:28,1
DA:32,1
DA:33,1
LF:5
LH:5
BRF:0
BRH:0
end_of_record
TN:
SF:/home/sergiu/Projects/mtv-react/src/components/Landing/Pipelines.jsx
FN:11,(anonymous_0)
FN:15,(anonymous_1)
FN:27,(anonymous_2)
FN:38,(anonymous_3)
FN:54,(anonymous_4)
FN:57,(anonymous_5)
FN:58,(anonymous_6)
FNF:7
FNH:3
FNDA:0,(anonymous_0)
FNDA:0,(anonymous_1)
FNDA:1,(anonymous_2)
FNDA:0,(anonymous_3)
FNDA:2,(anonymous_4)
FNDA:1,(anonymous_5)
FNDA:0,(anonymous_6)
DA:11,1
DA:12,0
DA:14,0
DA:15,0
DA:27,1
DA:28,1
DA:29,1
DA:31,1
DA:39,0
DA:48,1
DA:54,2
DA:57,1
DA:58,0
LF:13
LH:8
BRDA:12,0,0,0
BRDA:12,0,1,0
BRDA:20,1,0,0
BRDA:20,1,1,0
BRDA:37,2,0,0
BRDA:37,2,1,1
BRF:6
BRH:1
end_of_record
TN:
SF:/home/sergiu/Projects/mtv-react/src/components/Landing/Projects.jsx
FN:12,(anonymous_0)
FN:15,(anonymous_1)
FN:30,(anonymous_2)
FN:37,(anonymous_3)
FN:51,(anonymous_4)
FN:55,(anonymous_5)
FN:56,(anonymous_6)
FNF:7
FNH:3
FNDA:0,(anonymous_0)
FNDA:0,(anonymous_1)
FNDA:1,(anonymous_2)
FNDA:0,(anonymous_3)
FNDA:2,(anonymous_4)
FNDA:1,(anonymous_5)
FNDA:0,(anonymous_6)
DA:12,1
DA:13,0
DA:14,0
DA:15,0
DA:30,1
DA:31,1
DA:37,0
DA:44,1
DA:51,2
DA:55,1
DA:56,0
LF:11
LH:6
BRDA:13,0,0,0
BRDA:13,0,1,0
BRDA:36,1,0,0
BRDA:36,1,1,1
BRDA:36,2,0,1
BRDA:36,2,1,1
BRF:6
BRH:3
end_of_record
TN:
SF:/home/sergiu/Projects/mtv-react/src/model/actions/landing.js
FN:4,fetchExperiments
FN:5,(anonymous_1)
FN:12,fetchPipelines
FN:13,(anonymous_3)
FN:20,fetchDatasets
FN:21,(anonymous_5)
FN:28,fetchProjects
FN:29,(anonymous_7)
FN:42,selectProject
FN:43,(anonymous_9)
FN:48,selectPipeline
FN:49,(anonymous_11)
FN:56,selectExperiment
FN:57,(anonymous_13)
FNF:14
FNH:12
FNDA:2,fetchExperiments
FNDA:2,(anonymous_1)
FNDA:2,fetchPipelines
FNDA:2,(anonymous_3)
FNDA:2,fetchDatasets
FNDA:2,(anonymous_5)
FNDA:1,fetchProjects
FNDA:1,(anonymous_7)
FNDA:0,selectProject
FNDA:0,(anonymous_9)
FNDA:2,selectPipeline
FNDA:2,(anonymous_11)
FNDA:1,selectExperiment
FNDA:1,(anonymous_13)
DA:5,2
DA:6,2
DA:7,2
DA:8,2
DA:13,2
DA:14,2
DA:15,2
DA:16,2
DA:21,2
DA:22,2
DA:23,2
DA:24,2
DA:29,1
DA:30,1
DA:35,1
DA:43,0
DA:44,0
DA:49,2
DA:50,2
DA:51,2
DA:52,2
DA:57,1
DA:58,1
LF:23
LH:21
BRDA:51,0,0,2
BRDA:51,0,1,0
BRF:2
BRH:1
end_of_record
TN:
SF:/home/sergiu/Projects/mtv-react/src/model/actions/utils.js
FN:4,(anonymous_0)
FN:12,(anonymous_1)
FN:18,(anonymous_2)
FNF:3
FNH:2
FNDA:6,(anonymous_0)
FNDA:3,(anonymous_1)
FNDA:0,(anonymous_2)
DA:1,3
DA:3,3
DA:5,6
DA:6,6
DA:12,6
DA:13,3
DA:14,3
DA:16,0
DA:18,0
LF:9
LH:7
BRDA:4,0,0,6
BRDA:13,1,0,3
BRDA:13,1,1,0
BRDA:14,2,0,0
BRDA:14,2,1,3
BRF:5
BRH:3
end_of_record
TN:
SF:/home/sergiu/Projects/mtv-react/src/model/reducers/datasets.js
FN:3,GET_DATASETS_REQUEST
FN:7,GET_DATASETS_SUCCESS
FN:11,GET_DATASETS_FAILURE
FNF:3
FNH:3
FNDA:3,GET_DATASETS_REQUEST
FNDA:2,GET_DATASETS_SUCCESS
FNDA:1,GET_DATASETS_FAILURE
DA:4,3
DA:5,3
DA:8,2
DA:9,2
DA:12,1
DA:13,1
LF:6
LH:6
BRF:0
BRH:0
end_of_record
TN:
SF:/home/sergiu/Projects/mtv-react/src/model/reducers/experiments.js
FN:3,GET_EXPERIMENTS_REQUEST
FN:8,GET_EXPERIMENTS_SUCCESS
FN:13,GET_EXPERIMENTS_FAILURE
FN:18,SELECT_EXPERIMENT
FNF:4
FNH:4
FNDA:3,GET_EXPERIMENTS_REQUEST
FNDA:2,GET_EXPERIMENTS_SUCCESS
FNDA:1,GET_EXPERIMENTS_FAILURE
FNDA:1,SELECT_EXPERIMENT
DA:4,3
DA:5,3
DA:9,2
DA:10,2
DA:14,1
DA:15,1
DA:19,1
LF:7
LH:7
BRF:0
BRH:0
end_of_record
TN:
SF:/home/sergiu/Projects/mtv-react/src/model/reducers/index.js
FNF:0
FNH:0
LF:0
LH:0
BRF:0
BRH:0
end_of_record
TN:
SF:/home/sergiu/Projects/mtv-react/src/model/reducers/pipelines.js
FN:3,GET_PIPELINES_REQUEST
FN:9,GET_PIPELINES_SUCCESS
FN:15,GET_PIPELINES_FAILURE
FN:21,SELECT_PIPELINE
FNF:4
FNH:4
FNDA:3,GET_PIPELINES_REQUEST
FNDA:2,GET_PIPELINES_SUCCESS
FNDA:1,GET_PIPELINES_FAILURE
FNDA:3,SELECT_PIPELINE
DA:4,3
DA:5,3
DA:6,3
DA:10,2
DA:11,2
DA:12,2
DA:16,1
DA:17,1
DA:18,1
DA:22,3
LF:10
LH:10
BRF:0
BRH:0
end_of_record
TN:
SF:/home/sergiu/Projects/mtv-react/src/model/reducers/projects.js
FN:3,SELECT_PROJECT
FN:7,FETCH_PROJECTS_SUCCESS
FNF:2
FNH:0
FNDA:0,SELECT_PROJECT
FNDA:0,FETCH_PROJECTS_SUCCESS
DA:4,0
DA:8,0
LF:2
LH:0
BRF:0
BRH:0
end_of_record
TN:
SF:/home/sergiu/Projects/mtv-react/src/model/selectors/projects.js
FN:3,(anonymous_0)
FN:4,(anonymous_1)
FN:5,(anonymous_2)
FN:6,(anonymous_3)
FN:7,(anonymous_4)
FN:8,(anonymous_5)
FN:9,(anonymous_6)
FN:14,(anonymous_7)
FN:17,(anonymous_8)
FN:27,(anonymous_9)
FN:28,(anonymous_10)
FN:36,(anonymous_11)
FN:49,(anonymous_12)
FN:49,(anonymous_13)
FNF:14
FNH:11
FNDA:9,(anonymous_0)
FNDA:4,(anonymous_1)
FNDA:2,(anonymous_2)
FNDA:14,(anonymous_3)
FNDA:7,(anonymous_4)
FNDA:5,(anonymous_5)
FNDA:5,(anonymous_6)
FNDA:2,(anonymous_7)
FNDA:0,(anonymous_8)
FNDA:2,(anonymous_9)
FNDA:0,(anonymous_10)
FNDA:0,(anonymous_11)
FNDA:5,(anonymous_12)
FNDA:30,(anonymous_13)
DA:3,9
DA:4,4
DA:5,3
DA:6,14
DA:7,7
DA:8,5
DA:9,5
DA:12,3
DA:15,2
DA:17,3
DA:18,0
DA:19,0
DA:20,0
DA:22,0
DA:26,3
DA:28,2
DA:29,0
DA:30,0
DA:32,0
DA:33,0
DA:36,2
DA:47,3
DA:49,5
DA:50,30
DA:51,30
DA:52,30
LF:26
LH:18
BRDA:15,0,0,2
BRDA:15,0,1,2
BRDA:15,0,2,0
BRDA:18,1,0,0
BRDA:18,1,1,0
BRDA:18,1,2,0
BRDA:29,2,0,0
BRDA:29,2,1,0
BRDA:50,3,0,30
BRDA:50,3,1,0
BRDA:51,4,0,30
BRDA:51,4,1,0
BRDA:52,5,0,30
BRDA:52,5,1,30
BRF:14
BRH:6
end_of_record
TN:
SF:/home/sergiu/Projects/mtv-react/src/model/store/createReducer.js
FN:3,DEFAULT
FN:7,createReducer
FN:8,(anonymous_2)
FN:27,(anonymous_3)
FNF:4
FNH:4
FNDA:164,DEFAULT
FNDA:28,createReducer
FNDA:186,(anonymous_2)
FNDA:22,(anonymous_3)
DA:4,164
DA:8,28
DA:9,186
DA:11,186
DA:12,0
DA:13,0
DA:16,186
DA:18,186
DA:19,164
DA:22,22
DA:23,0
DA:24,0
DA:27,22
LF:13
LH:9
BRDA:7,0,0,0
BRDA:8,1,0,132
BRDA:11,2,0,0
BRDA:11,2,1,186
BRDA:18,3,0,164
BRDA:18,3,1,22
BRDA:22,4,0,0
BRDA:22,4,1,22
BRF:8
BRH:5
end_of_record
TN:
SF:/home/sergiu/Projects/mtv-react/src/model/store/index.js
FN:9,configureStore
FNF:1
FNH:1
FNDA:17,configureStore
DA:10,17
DA:11,17
DA:12,0
DA:16,17
DA:17,17
DA:18,17
LF:6
LH:5
BRDA:9,0,0,15
BRDA:11,1,0,0
BRDA:11,1,1,17
BRF:3
BRH:2
end_of_record
TN:
SF:/home/sergiu/Projects/mtv-react/src/model/store/middlewares.js
FN:1,(anonymous_0)
FN:1,(anonymous_1)
FN:1,(anonymous_2)
FNF:3
FNH:3
FNDA:17,(anonymous_0)
FNDA:17,(anonymous_1)
FNDA:10,(anonymous_2)
DA:1,17
DA:2,10
DA:3,10
DA:4,3
DA:5,3
DA:8,7
DA:10,7
DA:11,7
DA:12,3
DA:14,0
DA:15,0
LF:11
LH:9
BRDA:3,0,0,3
BRDA:3,0,1,7
BRDA:3,1,0,10
BRDA:3,1,1,7
BRF:4
BRH:4
end_of_record
TN:
SF:/home/sergiu/Projects/mtv-react/src/tests/utils.js
FN:5,(anonymous_0)
FN:10,(anonymous_1)
FNF:2
FNH:2
FNDA:1,(anonymous_0)
FNDA:1,(anonymous_1)
DA:5,1
DA:10,1
LF:2
LH:2
BRDA:5,0,0,0
BRDA:10,1,0,0
BRF:2
BRH:0
end_of_record
TN:
SF:/home/sergiu/Projects/mtv-react/src/tests/testmocks/datasets.js
FNF:0
FNH:0
DA:1,2
LF:1
LH:1
BRF:0
BRH:0
end_of_record
TN:
SF:/home/sergiu/Projects/mtv-react/src/tests/testmocks/experiments.js
FNF:0
FNH:0
DA:1,3
LF:1
LH:1
BRF:0
BRH:0
end_of_record
TN:
SF:/home/sergiu/Projects/mtv-react/src/tests/testmocks/pipelines.js
FNF:0
FNH:0
DA:1,2
LF:1
LH:1
BRF:0
BRH:0
end_of_record
